<?xml version="1.0" encoding="UTF-8"?>
<testng-results ignored="0" total="1" passed="1" failed="0" skipped="0">
  <reporter-output>
  </reporter-output>
  <suite started-at="2019-06-06T21:08:42Z" name="Default suite" finished-at="2019-06-06T21:09:14Z" duration-ms="32070">
    <groups>
      <group name="cucumber">
        <method signature="TestRunner_Amazon.feature(cucumber.api.testng.CucumberFeatureWrapper)[pri:0, instance:testRunner.TestRunner_Amazon@5b03b9fe]" name="feature" class="testRunner.TestRunner_Amazon"/>
      </group> <!-- cucumber -->
    </groups>
    <test started-at="2019-06-06T21:08:42Z" name="Default test" finished-at="2019-06-06T21:09:14Z" duration-ms="32070">
      <class name="testRunner.TestRunner_Amazon">
        <test-method is-config="true" signature="setUpClass()[pri:0, instance:testRunner.TestRunner_Amazon@5b03b9fe]" started-at="2019-06-06T21:08:42Z" name="setUpClass" finished-at="2019-06-06T21:08:42Z" duration-ms="413" status="PASS">
          <reporter-output>
          </reporter-output>
        </test-method> <!-- setUpClass -->
        <test-method signature="feature(cucumber.api.testng.CucumberFeatureWrapper)[pri:0, instance:testRunner.TestRunner_Amazon@5b03b9fe]" started-at="2019-06-06T21:08:43Z" name="feature" description="Runs Cucumber Feature" data-provider="features" finished-at="2019-06-06T21:09:14Z" duration-ms="31519" status="PASS">
          <params>
            <param index="0">
              <value>
                <![CDATA[Title of your feature]]>
              </value>
            </param>
          </params>
          <reporter-output>
          </reporter-output>
        </test-method> <!-- feature -->
        <test-method is-config="true" signature="tearDownClass()[pri:0, instance:testRunner.TestRunner_Amazon@5b03b9fe]" started-at="2019-06-06T21:09:14Z" name="tearDownClass" finished-at="2019-06-06T21:09:14Z" duration-ms="7" status="PASS">
          <reporter-output>
          </reporter-output>
        </test-method> <!-- tearDownClass -->
      </class> <!-- testRunner.TestRunner_Amazon -->
    </test> <!-- Default test -->
  </suite> <!-- Default suite -->
</testng-results>
